[0.430s] DEBUG:colcon:Command line arguments: ['/usr/bin/colcon', 'build']
[0.431s] DEBUG:colcon:Parsed command line arguments: Namespace(log_base=None, log_level=None, verb_name='build', build_base='build', install_base='install', merge_install=False, symlink_install=False, test_result_base=None, continue_on_error=False, executor='parallel', parallel_workers=14, event_handlers=None, ignore_user_meta=False, metas=['./colcon.meta'], base_paths=['.'], packages_ignore=None, packages_ignore_regex=None, paths=None, packages_up_to=None, packages_up_to_regex=None, packages_above=None, packages_above_and_dependencies=None, packages_above_depth=None, packages_select_by_dep=None, packages_skip_by_dep=None, packages_skip_up_to=None, packages_select_build_failed=False, packages_skip_build_finished=False, packages_select_test_failures=False, packages_skip_test_passed=False, packages_select=None, packages_skip=None, packages_select_regex=None, packages_skip_regex=None, packages_start=None, packages_end=None, allow_overriding=[], cmake_args=None, cmake_target=None, cmake_target_skip_unavailable=False, cmake_clean_cache=False, cmake_clean_first=False, cmake_force_configure=False, ament_cmake_args=None, catkin_cmake_args=None, catkin_skip_building_tests=False, verb_parser=<colcon_defaults.argument_parser.defaults.DefaultArgumentsDecorator object at 0x7e541ff6a3c0>, verb_extension=<colcon_core.verb.build.BuildVerb object at 0x7e542008eab0>, main=<bound method BuildVerb.main of <colcon_core.verb.build.BuildVerb object at 0x7e542008eab0>>)
[0.517s] Level 1:colcon.colcon_core.package_discovery:discover_packages(colcon_meta) check parameters
[0.517s] Level 1:colcon.colcon_core.package_discovery:discover_packages(recursive) check parameters
[0.518s] Level 1:colcon.colcon_core.package_discovery:discover_packages(ignore) check parameters
[0.518s] Level 1:colcon.colcon_core.package_discovery:discover_packages(path) check parameters
[0.518s] Level 1:colcon.colcon_core.package_discovery:discover_packages(colcon_meta) discover
[0.518s] Level 1:colcon.colcon_core.package_discovery:discover_packages(recursive) discover
[0.518s] INFO:colcon.colcon_core.package_discovery:Crawling recursively for packages in '/home/saito/ros2_ws/src/twist_stdin_bridge'
[0.518s] Level 1:colcon.colcon_core.package_identification:_identify(.) by extensions ['ignore', 'ignore_ament_install']
[0.518s] Level 1:colcon.colcon_core.package_identification:_identify(.) by extension 'ignore'
[0.518s] Level 1:colcon.colcon_core.package_identification:_identify(.) by extension 'ignore_ament_install'
[0.518s] Level 1:colcon.colcon_core.package_identification:_identify(.) by extensions ['colcon_pkg']
[0.518s] Level 1:colcon.colcon_core.package_identification:_identify(.) by extension 'colcon_pkg'
[0.518s] Level 1:colcon.colcon_core.package_identification:_identify(.) by extensions ['colcon_meta']
[0.518s] Level 1:colcon.colcon_core.package_identification:_identify(.) by extension 'colcon_meta'
[0.518s] Level 1:colcon.colcon_core.package_identification:_identify(.) by extensions ['ros']
[0.519s] Level 1:colcon.colcon_core.package_identification:_identify(.) by extension 'ros'
[0.586s] DEBUG:colcon.colcon_core.package_identification:Package '.' with type 'ros.ament_python' and name 'twist_stdin_bridge'
[0.586s] Level 1:colcon.colcon_core.package_discovery:discover_packages(recursive) using defaults
[0.586s] Level 1:colcon.colcon_core.package_discovery:discover_packages(ignore) discover
[0.586s] Level 1:colcon.colcon_core.package_discovery:discover_packages(ignore) using defaults
[0.586s] Level 1:colcon.colcon_core.package_discovery:discover_packages(path) discover
[0.586s] Level 1:colcon.colcon_core.package_discovery:discover_packages(path) using defaults
[0.634s] Level 1:colcon.colcon_core.package_discovery:discover_packages(prefix_path) check parameters
[0.634s] Level 1:colcon.colcon_core.package_discovery:discover_packages(prefix_path) discover
[0.637s] DEBUG:colcon.colcon_installed_package_information.package_discovery:Found 3 installed packages in /home/saito/ros2_ws/install
[0.639s] DEBUG:colcon.colcon_installed_package_information.package_discovery:Found 285 installed packages in /opt/ros/jazzy
[0.641s] Level 1:colcon.colcon_core.package_discovery:discover_packages(prefix_path) using defaults
[0.715s] Level 5:colcon.colcon_core.verb:set package 'twist_stdin_bridge' build argument 'cmake_args' from command line to 'None'
[0.715s] Level 5:colcon.colcon_core.verb:set package 'twist_stdin_bridge' build argument 'cmake_target' from command line to 'None'
[0.716s] Level 5:colcon.colcon_core.verb:set package 'twist_stdin_bridge' build argument 'cmake_target_skip_unavailable' from command line to 'False'
[0.716s] Level 5:colcon.colcon_core.verb:set package 'twist_stdin_bridge' build argument 'cmake_clean_cache' from command line to 'False'
[0.716s] Level 5:colcon.colcon_core.verb:set package 'twist_stdin_bridge' build argument 'cmake_clean_first' from command line to 'False'
[0.716s] Level 5:colcon.colcon_core.verb:set package 'twist_stdin_bridge' build argument 'cmake_force_configure' from command line to 'False'
[0.716s] Level 5:colcon.colcon_core.verb:set package 'twist_stdin_bridge' build argument 'ament_cmake_args' from command line to 'None'
[0.716s] Level 5:colcon.colcon_core.verb:set package 'twist_stdin_bridge' build argument 'catkin_cmake_args' from command line to 'None'
[0.716s] Level 5:colcon.colcon_core.verb:set package 'twist_stdin_bridge' build argument 'catkin_skip_building_tests' from command line to 'False'
[0.716s] DEBUG:colcon.colcon_core.verb:Building package 'twist_stdin_bridge' with the following arguments: {'ament_cmake_args': None, 'build_base': '/home/saito/ros2_ws/src/twist_stdin_bridge/build/twist_stdin_bridge', 'catkin_cmake_args': None, 'catkin_skip_building_tests': False, 'cmake_args': None, 'cmake_clean_cache': False, 'cmake_clean_first': False, 'cmake_force_configure': False, 'cmake_target': None, 'cmake_target_skip_unavailable': False, 'install_base': '/home/saito/ros2_ws/src/twist_stdin_bridge/install/twist_stdin_bridge', 'merge_install': False, 'path': '/home/saito/ros2_ws/src/twist_stdin_bridge', 'symlink_install': False, 'test_result_base': None}
[0.716s] INFO:colcon.colcon_core.executor:Executing jobs using 'parallel' executor
[0.719s] DEBUG:colcon.colcon_parallel_executor.executor.parallel:run_until_complete
[0.720s] INFO:colcon.colcon_ros.task.ament_python.build:Building ROS package in '/home/saito/ros2_ws/src/twist_stdin_bridge' with build type 'ament_python'
[0.721s] Level 1:colcon.colcon_core.shell:create_environment_hook('twist_stdin_bridge', 'ament_prefix_path')
[0.724s] INFO:colcon.colcon_core.plugin_system:Skipping extension 'colcon_core.shell.bat': Not used on non-Windows systems
[0.725s] INFO:colcon.colcon_core.shell:Creating environment hook '/home/saito/ros2_ws/src/twist_stdin_bridge/install/twist_stdin_bridge/share/twist_stdin_bridge/hook/ament_prefix_path.ps1'
[0.726s] INFO:colcon.colcon_core.shell:Creating environment descriptor '/home/saito/ros2_ws/src/twist_stdin_bridge/install/twist_stdin_bridge/share/twist_stdin_bridge/hook/ament_prefix_path.dsv'
[0.727s] INFO:colcon.colcon_core.shell:Creating environment hook '/home/saito/ros2_ws/src/twist_stdin_bridge/install/twist_stdin_bridge/share/twist_stdin_bridge/hook/ament_prefix_path.sh'
[0.728s] INFO:colcon.colcon_core.shell:Skip shell extension 'powershell' for command environment: Not usable outside of PowerShell
[0.728s] DEBUG:colcon.colcon_core.shell:Skip shell extension 'dsv' for command environment
[1.175s] INFO:colcon.colcon_core.task.python.build:Building Python package in '/home/saito/ros2_ws/src/twist_stdin_bridge'
[1.176s] INFO:colcon.colcon_core.shell:Skip shell extension 'powershell' for command environment: Not usable outside of PowerShell
[1.176s] DEBUG:colcon.colcon_core.shell:Skip shell extension 'dsv' for command environment
[2.254s] DEBUG:colcon.colcon_core.event_handler.log_command:Invoking command in '/home/saito/ros2_ws/src/twist_stdin_bridge': PYTHONPATH=/home/saito/ros2_ws/src/twist_stdin_bridge/build/twist_stdin_bridge/prefix_override:/usr/lib/python3/dist-packages/colcon_core/task/python/colcon_distutils_commands:/home/saito/ros2_ws/src/twist_stdin_bridge/install/twist_stdin_bridge/lib/python3.12/site-packages:${PYTHONPATH} /usr/bin/python3 -W ignore:setup.py install is deprecated -W ignore:easy_install command is deprecated setup.py egg_info --egg-base build/twist_stdin_bridge build --build-base /home/saito/ros2_ws/src/twist_stdin_bridge/build/twist_stdin_bridge/build install --record /home/saito/ros2_ws/src/twist_stdin_bridge/build/twist_stdin_bridge/install.log --single-version-externally-managed install_data
[3.351s] DEBUG:colcon.colcon_core.event_handler.log_command:Invoked command in '/home/saito/ros2_ws/src/twist_stdin_bridge' returned '0': PYTHONPATH=/home/saito/ros2_ws/src/twist_stdin_bridge/build/twist_stdin_bridge/prefix_override:/usr/lib/python3/dist-packages/colcon_core/task/python/colcon_distutils_commands:/home/saito/ros2_ws/src/twist_stdin_bridge/install/twist_stdin_bridge/lib/python3.12/site-packages:${PYTHONPATH} /usr/bin/python3 -W ignore:setup.py install is deprecated -W ignore:easy_install command is deprecated setup.py egg_info --egg-base build/twist_stdin_bridge build --build-base /home/saito/ros2_ws/src/twist_stdin_bridge/build/twist_stdin_bridge/build install --record /home/saito/ros2_ws/src/twist_stdin_bridge/build/twist_stdin_bridge/install.log --single-version-externally-managed install_data
[3.356s] Level 1:colcon.colcon_core.environment:checking '/home/saito/ros2_ws/src/twist_stdin_bridge/install/twist_stdin_bridge' for CMake module files
[3.357s] Level 1:colcon.colcon_core.environment:checking '/home/saito/ros2_ws/src/twist_stdin_bridge/install/twist_stdin_bridge' for CMake config files
[3.359s] Level 1:colcon.colcon_core.environment:checking '/home/saito/ros2_ws/src/twist_stdin_bridge/install/twist_stdin_bridge/lib'
[3.359s] Level 1:colcon.colcon_core.environment:checking '/home/saito/ros2_ws/src/twist_stdin_bridge/install/twist_stdin_bridge/bin'
[3.360s] Level 1:colcon.colcon_core.environment:checking '/home/saito/ros2_ws/src/twist_stdin_bridge/install/twist_stdin_bridge/lib/pkgconfig/twist_stdin_bridge.pc'
[3.360s] Level 1:colcon.colcon_core.environment:checking '/home/saito/ros2_ws/src/twist_stdin_bridge/install/twist_stdin_bridge/lib/python3.12/site-packages'
[3.361s] Level 1:colcon.colcon_core.shell:create_environment_hook('twist_stdin_bridge', 'pythonpath')
[3.361s] INFO:colcon.colcon_core.shell:Creating environment hook '/home/saito/ros2_ws/src/twist_stdin_bridge/install/twist_stdin_bridge/share/twist_stdin_bridge/hook/pythonpath.ps1'
[3.362s] INFO:colcon.colcon_core.shell:Creating environment descriptor '/home/saito/ros2_ws/src/twist_stdin_bridge/install/twist_stdin_bridge/share/twist_stdin_bridge/hook/pythonpath.dsv'
[3.366s] INFO:colcon.colcon_core.shell:Creating environment hook '/home/saito/ros2_ws/src/twist_stdin_bridge/install/twist_stdin_bridge/share/twist_stdin_bridge/hook/pythonpath.sh'
[3.368s] Level 1:colcon.colcon_core.environment:checking '/home/saito/ros2_ws/src/twist_stdin_bridge/install/twist_stdin_bridge/bin'
[3.368s] Level 1:colcon.colcon_core.environment:create_environment_scripts_only(twist_stdin_bridge)
[3.368s] INFO:colcon.colcon_core.shell:Creating package script '/home/saito/ros2_ws/src/twist_stdin_bridge/install/twist_stdin_bridge/share/twist_stdin_bridge/package.ps1'
[3.370s] INFO:colcon.colcon_core.shell:Creating package descriptor '/home/saito/ros2_ws/src/twist_stdin_bridge/install/twist_stdin_bridge/share/twist_stdin_bridge/package.dsv'
[3.370s] INFO:colcon.colcon_core.shell:Creating package script '/home/saito/ros2_ws/src/twist_stdin_bridge/install/twist_stdin_bridge/share/twist_stdin_bridge/package.sh'
[3.371s] INFO:colcon.colcon_core.shell:Creating package script '/home/saito/ros2_ws/src/twist_stdin_bridge/install/twist_stdin_bridge/share/twist_stdin_bridge/package.bash'
[3.373s] INFO:colcon.colcon_core.shell:Creating package script '/home/saito/ros2_ws/src/twist_stdin_bridge/install/twist_stdin_bridge/share/twist_stdin_bridge/package.zsh'
[3.373s] Level 1:colcon.colcon_core.environment:create_file_with_runtime_dependencies(/home/saito/ros2_ws/src/twist_stdin_bridge/install/twist_stdin_bridge/share/colcon-core/packages/twist_stdin_bridge)
[3.374s] DEBUG:colcon.colcon_parallel_executor.executor.parallel:closing loop
[3.374s] DEBUG:colcon.colcon_parallel_executor.executor.parallel:loop closed
[3.375s] DEBUG:colcon.colcon_parallel_executor.executor.parallel:run_until_complete finished with '0'
[3.375s] DEBUG:colcon.colcon_core.event_reactor:joining thread
[3.464s] INFO:colcon.colcon_core.plugin_system:Skipping extension 'colcon_notification.desktop_notification.notify_send': Could not find 'notify-send'
[3.465s] INFO:colcon.colcon_core.plugin_system:Skipping extension 'colcon_notification.desktop_notification.terminal_notifier': Not used on non-Darwin systems
[3.465s] INFO:colcon.colcon_core.plugin_system:Skipping extension 'colcon_notification.desktop_notification.win32': Not used on non-Windows systems
[3.465s] INFO:colcon.colcon_notification.desktop_notification:Sending desktop notification using 'notify2'
[3.467s] DEBUG:colcon.colcon_notification.desktop_notification.notify2:Failed to initialize notify2: org.freedesktop.DBus.Error.ServiceUnknown: The name org.freedesktop.Notifications was not provided by any .service files
[3.468s] DEBUG:colcon.colcon_core.event_reactor:joined thread
[3.468s] INFO:colcon.colcon_core.shell:Creating prefix script '/home/saito/ros2_ws/src/twist_stdin_bridge/install/local_setup.ps1'
[3.470s] INFO:colcon.colcon_core.shell:Creating prefix util module '/home/saito/ros2_ws/src/twist_stdin_bridge/install/_local_setup_util_ps1.py'
[3.472s] INFO:colcon.colcon_core.shell:Creating prefix chain script '/home/saito/ros2_ws/src/twist_stdin_bridge/install/setup.ps1'
[3.473s] INFO:colcon.colcon_core.shell:Creating prefix script '/home/saito/ros2_ws/src/twist_stdin_bridge/install/local_setup.sh'
[3.474s] INFO:colcon.colcon_core.shell:Creating prefix util module '/home/saito/ros2_ws/src/twist_stdin_bridge/install/_local_setup_util_sh.py'
[3.475s] INFO:colcon.colcon_core.shell:Creating prefix chain script '/home/saito/ros2_ws/src/twist_stdin_bridge/install/setup.sh'
[3.476s] INFO:colcon.colcon_core.shell:Creating prefix script '/home/saito/ros2_ws/src/twist_stdin_bridge/install/local_setup.bash'
[3.477s] INFO:colcon.colcon_core.shell:Creating prefix chain script '/home/saito/ros2_ws/src/twist_stdin_bridge/install/setup.bash'
[3.479s] INFO:colcon.colcon_core.shell:Creating prefix script '/home/saito/ros2_ws/src/twist_stdin_bridge/install/local_setup.zsh'
[3.488s] INFO:colcon.colcon_core.shell:Creating prefix chain script '/home/saito/ros2_ws/src/twist_stdin_bridge/install/setup.zsh'
