[1.533s] Invoking command in '/home/saito/ros2_ws/src/twist_stdin_bridge': PYTHONPATH=/home/saito/ros2_ws/src/twist_stdin_bridge/build/twist_stdin_bridge/prefix_override:/usr/lib/python3/dist-packages/colcon_core/task/python/colcon_distutils_commands:/home/saito/ros2_ws/src/twist_stdin_bridge/install/twist_stdin_bridge/lib/python3.12/site-packages:${PYTHONPATH} /usr/bin/python3 -W ignore:setup.py install is deprecated -W ignore:easy_install command is deprecated setup.py egg_info --egg-base build/twist_stdin_bridge build --build-base /home/saito/ros2_ws/src/twist_stdin_bridge/build/twist_stdin_bridge/build install --record /home/saito/ros2_ws/src/twist_stdin_bridge/build/twist_stdin_bridge/install.log --single-version-externally-managed install_data
[2.047s] running egg_info
[2.077s] writing build/twist_stdin_bridge/twist_stdin_bridge.egg-info/PKG-INFO
[2.077s] writing dependency_links to build/twist_stdin_bridge/twist_stdin_bridge.egg-info/dependency_links.txt
[2.078s] writing entry points to build/twist_stdin_bridge/twist_stdin_bridge.egg-info/entry_points.txt
[2.079s] writing requirements to build/twist_stdin_bridge/twist_stdin_bridge.egg-info/requires.txt
[2.080s] writing top-level names to build/twist_stdin_bridge/twist_stdin_bridge.egg-info/top_level.txt
[2.156s] reading manifest file 'build/twist_stdin_bridge/twist_stdin_bridge.egg-info/SOURCES.txt'
[2.157s] adding license file 'LICENSE'
[2.157s] writing manifest file 'build/twist_stdin_bridge/twist_stdin_bridge.egg-info/SOURCES.txt'
[2.158s] running build
[2.158s] running build_py
[2.159s] copying twist_stdin_bridge/twist_to_stdout.py -> /home/saito/ros2_ws/src/twist_stdin_bridge/build/twist_stdin_bridge/build/lib/twist_stdin_bridge
[2.159s] copying twist_stdin_bridge/stdin_to_twist.py -> /home/saito/ros2_ws/src/twist_stdin_bridge/build/twist_stdin_bridge/build/lib/twist_stdin_bridge
[2.160s] running install
[2.173s] running install_lib
[2.210s] copying /home/saito/ros2_ws/src/twist_stdin_bridge/build/twist_stdin_bridge/build/lib/twist_stdin_bridge/twist_to_stdout.py -> /home/saito/ros2_ws/src/twist_stdin_bridge/install/twist_stdin_bridge/lib/python3.12/site-packages/twist_stdin_bridge
[2.210s] copying /home/saito/ros2_ws/src/twist_stdin_bridge/build/twist_stdin_bridge/build/lib/twist_stdin_bridge/stdin_to_twist.py -> /home/saito/ros2_ws/src/twist_stdin_bridge/install/twist_stdin_bridge/lib/python3.12/site-packages/twist_stdin_bridge
[2.211s] byte-compiling /home/saito/ros2_ws/src/twist_stdin_bridge/install/twist_stdin_bridge/lib/python3.12/site-packages/twist_stdin_bridge/twist_to_stdout.py to twist_to_stdout.cpython-312.pyc
[2.212s] byte-compiling /home/saito/ros2_ws/src/twist_stdin_bridge/install/twist_stdin_bridge/lib/python3.12/site-packages/twist_stdin_bridge/stdin_to_twist.py to stdin_to_twist.cpython-312.pyc
[2.214s] running install_data
[2.215s] running install_egg_info
[2.257s] removing '/home/saito/ros2_ws/src/twist_stdin_bridge/install/twist_stdin_bridge/lib/python3.12/site-packages/twist_stdin_bridge-0.0.1-py3.12.egg-info' (and everything under it)
[2.259s] Copying build/twist_stdin_bridge/twist_stdin_bridge.egg-info to /home/saito/ros2_ws/src/twist_stdin_bridge/install/twist_stdin_bridge/lib/python3.12/site-packages/twist_stdin_bridge-0.0.1-py3.12.egg-info
[2.263s] running install_scripts
[2.547s] Installing stdin_to_twist script to /home/saito/ros2_ws/src/twist_stdin_bridge/install/twist_stdin_bridge/lib/twist_stdin_bridge
[2.548s] Installing twist_to_stdout script to /home/saito/ros2_ws/src/twist_stdin_bridge/install/twist_stdin_bridge/lib/twist_stdin_bridge
[2.550s] writing list of installed files to '/home/saito/ros2_ws/src/twist_stdin_bridge/build/twist_stdin_bridge/install.log'
[2.629s] Invoked command in '/home/saito/ros2_ws/src/twist_stdin_bridge' returned '0': PYTHONPATH=/home/saito/ros2_ws/src/twist_stdin_bridge/build/twist_stdin_bridge/prefix_override:/usr/lib/python3/dist-packages/colcon_core/task/python/colcon_distutils_commands:/home/saito/ros2_ws/src/twist_stdin_bridge/install/twist_stdin_bridge/lib/python3.12/site-packages:${PYTHONPATH} /usr/bin/python3 -W ignore:setup.py install is deprecated -W ignore:easy_install command is deprecated setup.py egg_info --egg-base build/twist_stdin_bridge build --build-base /home/saito/ros2_ws/src/twist_stdin_bridge/build/twist_stdin_bridge/build install --record /home/saito/ros2_ws/src/twist_stdin_bridge/build/twist_stdin_bridge/install.log --single-version-externally-managed install_data
