[0.548s] DEBUG:colcon:Command line arguments: ['/usr/bin/colcon', 'build', '--packages-select', 'twist_stdin_bridge', '--symlink-install']
[0.548s] DEBUG:colcon:Parsed command line arguments: Namespace(log_base=None, log_level=None, verb_name='build', build_base='build', install_base='install', merge_install=False, symlink_install=True, test_result_base=None, continue_on_error=False, executor='parallel', parallel_workers=14, event_handlers=None, ignore_user_meta=False, metas=['./colcon.meta'], base_paths=['.'], packages_ignore=None, packages_ignore_regex=None, paths=None, packages_up_to=None, packages_up_to_regex=None, packages_above=None, packages_above_and_dependencies=None, packages_above_depth=None, packages_select_by_dep=None, packages_skip_by_dep=None, packages_skip_up_to=None, packages_select_build_failed=False, packages_skip_build_finished=False, packages_select_test_failures=False, packages_skip_test_passed=False, packages_select=['twist_stdin_bridge'], packages_skip=None, packages_select_regex=None, packages_skip_regex=None, packages_start=None, packages_end=None, allow_overriding=[], cmake_args=None, cmake_target=None, cmake_target_skip_unavailable=False, cmake_clean_cache=False, cmake_clean_first=False, cmake_force_configure=False, ament_cmake_args=None, catkin_cmake_args=None, catkin_skip_building_tests=False, verb_parser=<colcon_defaults.argument_parser.defaults.DefaultArgumentsDecorator object at 0x72bb883402c0>, verb_extension=<colcon_core.verb.build.BuildVerb object at 0x72bb88496cc0>, main=<bound method BuildVerb.main of <colcon_core.verb.build.BuildVerb object at 0x72bb88496cc0>>)
[0.645s] Level 1:colcon.colcon_core.package_discovery:discover_packages(colcon_meta) check parameters
[0.645s] Level 1:colcon.colcon_core.package_discovery:discover_packages(recursive) check parameters
[0.646s] Level 1:colcon.colcon_core.package_discovery:discover_packages(ignore) check parameters
[0.646s] Level 1:colcon.colcon_core.package_discovery:discover_packages(path) check parameters
[0.646s] Level 1:colcon.colcon_core.package_discovery:discover_packages(colcon_meta) discover
[0.646s] Level 1:colcon.colcon_core.package_discovery:discover_packages(recursive) discover
[0.646s] INFO:colcon.colcon_core.package_discovery:Crawling recursively for packages in '/home/saito/ros2_ws/src/twist_stdin_bridge'
[0.646s] Level 1:colcon.colcon_core.package_identification:_identify(.) by extensions ['ignore', 'ignore_ament_install']
[0.646s] Level 1:colcon.colcon_core.package_identification:_identify(.) by extension 'ignore'
[0.646s] Level 1:colcon.colcon_core.package_identification:_identify(.) by extension 'ignore_ament_install'
[0.646s] Level 1:colcon.colcon_core.package_identification:_identify(.) by extensions ['colcon_pkg']
[0.646s] Level 1:colcon.colcon_core.package_identification:_identify(.) by extension 'colcon_pkg'
[0.646s] Level 1:colcon.colcon_core.package_identification:_identify(.) by extensions ['colcon_meta']
[0.647s] Level 1:colcon.colcon_core.package_identification:_identify(.) by extension 'colcon_meta'
[0.647s] Level 1:colcon.colcon_core.package_identification:_identify(.) by extensions ['ros']
[0.647s] Level 1:colcon.colcon_core.package_identification:_identify(.) by extension 'ros'
[0.725s] DEBUG:colcon.colcon_core.package_identification:Package '.' with type 'ros.ament_python' and name 'twist_stdin_bridge'
[0.725s] Level 1:colcon.colcon_core.package_discovery:discover_packages(recursive) using defaults
[0.725s] Level 1:colcon.colcon_core.package_discovery:discover_packages(ignore) discover
[0.726s] Level 1:colcon.colcon_core.package_discovery:discover_packages(ignore) using defaults
[0.726s] Level 1:colcon.colcon_core.package_discovery:discover_packages(path) discover
[0.726s] Level 1:colcon.colcon_core.package_discovery:discover_packages(path) using defaults
[0.775s] Level 1:colcon.colcon_core.package_discovery:discover_packages(prefix_path) check parameters
[0.775s] Level 1:colcon.colcon_core.package_discovery:discover_packages(prefix_path) discover
[0.788s] DEBUG:colcon.colcon_installed_package_information.package_discovery:Found 3 installed packages in /home/saito/ros2_ws/install
[0.793s] DEBUG:colcon.colcon_installed_package_information.package_discovery:Found 285 installed packages in /opt/ros/jazzy
[0.794s] Level 1:colcon.colcon_core.package_discovery:discover_packages(prefix_path) using defaults
[0.985s] Level 5:colcon.colcon_core.verb:set package 'twist_stdin_bridge' build argument 'cmake_args' from command line to 'None'
[0.986s] Level 5:colcon.colcon_core.verb:set package 'twist_stdin_bridge' build argument 'cmake_target' from command line to 'None'
[0.986s] Level 5:colcon.colcon_core.verb:set package 'twist_stdin_bridge' build argument 'cmake_target_skip_unavailable' from command line to 'False'
[0.986s] Level 5:colcon.colcon_core.verb:set package 'twist_stdin_bridge' build argument 'cmake_clean_cache' from command line to 'False'
[0.986s] Level 5:colcon.colcon_core.verb:set package 'twist_stdin_bridge' build argument 'cmake_clean_first' from command line to 'False'
[0.986s] Level 5:colcon.colcon_core.verb:set package 'twist_stdin_bridge' build argument 'cmake_force_configure' from command line to 'False'
[0.986s] Level 5:colcon.colcon_core.verb:set package 'twist_stdin_bridge' build argument 'ament_cmake_args' from command line to 'None'
[0.986s] Level 5:colcon.colcon_core.verb:set package 'twist_stdin_bridge' build argument 'catkin_cmake_args' from command line to 'None'
[0.986s] Level 5:colcon.colcon_core.verb:set package 'twist_stdin_bridge' build argument 'catkin_skip_building_tests' from command line to 'False'
[0.986s] DEBUG:colcon.colcon_core.verb:Building package 'twist_stdin_bridge' with the following arguments: {'ament_cmake_args': None, 'build_base': '/home/saito/ros2_ws/src/twist_stdin_bridge/build/twist_stdin_bridge', 'catkin_cmake_args': None, 'catkin_skip_building_tests': False, 'cmake_args': None, 'cmake_clean_cache': False, 'cmake_clean_first': False, 'cmake_force_configure': False, 'cmake_target': None, 'cmake_target_skip_unavailable': False, 'install_base': '/home/saito/ros2_ws/src/twist_stdin_bridge/install/twist_stdin_bridge', 'merge_install': False, 'path': '/home/saito/ros2_ws/src/twist_stdin_bridge', 'symlink_install': True, 'test_result_base': None}
[0.986s] INFO:colcon.colcon_core.executor:Executing jobs using 'parallel' executor
[0.989s] DEBUG:colcon.colcon_parallel_executor.executor.parallel:run_until_complete
[0.990s] INFO:colcon.colcon_ros.task.ament_python.build:Building ROS package in '/home/saito/ros2_ws/src/twist_stdin_bridge' with build type 'ament_python'
[0.990s] Level 1:colcon.colcon_core.shell:create_environment_hook('twist_stdin_bridge', 'ament_prefix_path')
[1.002s] INFO:colcon.colcon_core.plugin_system:Skipping extension 'colcon_core.shell.bat': Not used on non-Windows systems
[1.002s] INFO:colcon.colcon_core.shell:Creating environment hook '/home/saito/ros2_ws/src/twist_stdin_bridge/install/twist_stdin_bridge/share/twist_stdin_bridge/hook/ament_prefix_path.ps1'
[1.006s] INFO:colcon.colcon_core.shell:Creating environment descriptor '/home/saito/ros2_ws/src/twist_stdin_bridge/install/twist_stdin_bridge/share/twist_stdin_bridge/hook/ament_prefix_path.dsv'
[1.008s] INFO:colcon.colcon_core.shell:Creating environment hook '/home/saito/ros2_ws/src/twist_stdin_bridge/install/twist_stdin_bridge/share/twist_stdin_bridge/hook/ament_prefix_path.sh'
[1.009s] INFO:colcon.colcon_core.shell:Skip shell extension 'powershell' for command environment: Not usable outside of PowerShell
[1.010s] DEBUG:colcon.colcon_core.shell:Skip shell extension 'dsv' for command environment
[1.465s] INFO:colcon.colcon_core.task.python.build:Building Python package in '/home/saito/ros2_ws/src/twist_stdin_bridge'
[1.466s] INFO:colcon.colcon_core.shell:Skip shell extension 'powershell' for command environment: Not usable outside of PowerShell
[1.466s] DEBUG:colcon.colcon_core.shell:Skip shell extension 'dsv' for command environment
[3.148s] DEBUG:colcon.colcon_core.event_handler.log_command:Invoking command in '/home/saito/ros2_ws/src/twist_stdin_bridge/build/twist_stdin_bridge': PYTHONPATH=/home/saito/ros2_ws/src/twist_stdin_bridge/build/twist_stdin_bridge/prefix_override:/usr/lib/python3/dist-packages/colcon_core/task/python/colcon_distutils_commands:/home/saito/ros2_ws/src/twist_stdin_bridge/install/twist_stdin_bridge/lib/python3.12/site-packages:${PYTHONPATH} /usr/bin/python3 -W ignore:setup.py install is deprecated -W ignore:easy_install command is deprecated setup.py develop --editable --build-directory /home/saito/ros2_ws/src/twist_stdin_bridge/build/twist_stdin_bridge/build --no-deps symlink_data
[4.399s] Level 1:colcon.colcon_core.shell:create_environment_hook('twist_stdin_bridge', 'pythonpath_develop')
[4.400s] INFO:colcon.colcon_core.shell:Creating environment hook '/home/saito/ros2_ws/src/twist_stdin_bridge/build/twist_stdin_bridge/share/twist_stdin_bridge/hook/pythonpath_develop.ps1'
[4.400s] DEBUG:colcon.colcon_core.event_handler.log_command:Invoked command in '/home/saito/ros2_ws/src/twist_stdin_bridge/build/twist_stdin_bridge' returned '0': PYTHONPATH=/home/saito/ros2_ws/src/twist_stdin_bridge/build/twist_stdin_bridge/prefix_override:/usr/lib/python3/dist-packages/colcon_core/task/python/colcon_distutils_commands:/home/saito/ros2_ws/src/twist_stdin_bridge/install/twist_stdin_bridge/lib/python3.12/site-packages:${PYTHONPATH} /usr/bin/python3 -W ignore:setup.py install is deprecated -W ignore:easy_install command is deprecated setup.py develop --editable --build-directory /home/saito/ros2_ws/src/twist_stdin_bridge/build/twist_stdin_bridge/build --no-deps symlink_data
[4.404s] INFO:colcon.colcon_core.shell:Creating environment descriptor '/home/saito/ros2_ws/src/twist_stdin_bridge/build/twist_stdin_bridge/share/twist_stdin_bridge/hook/pythonpath_develop.dsv'
[4.405s] INFO:colcon.colcon_core.shell:Creating environment hook '/home/saito/ros2_ws/src/twist_stdin_bridge/build/twist_stdin_bridge/share/twist_stdin_bridge/hook/pythonpath_develop.sh'
[4.420s] Level 1:colcon.colcon_core.environment:checking '/home/saito/ros2_ws/src/twist_stdin_bridge/install/twist_stdin_bridge' for CMake module files
[4.420s] Level 1:colcon.colcon_core.environment:checking '/home/saito/ros2_ws/src/twist_stdin_bridge/install/twist_stdin_bridge' for CMake config files
[4.422s] Level 1:colcon.colcon_core.environment:checking '/home/saito/ros2_ws/src/twist_stdin_bridge/install/twist_stdin_bridge/lib'
[4.422s] Level 1:colcon.colcon_core.environment:checking '/home/saito/ros2_ws/src/twist_stdin_bridge/install/twist_stdin_bridge/bin'
[4.423s] Level 1:colcon.colcon_core.environment:checking '/home/saito/ros2_ws/src/twist_stdin_bridge/install/twist_stdin_bridge/lib/pkgconfig/twist_stdin_bridge.pc'
[4.423s] Level 1:colcon.colcon_core.environment:checking '/home/saito/ros2_ws/src/twist_stdin_bridge/install/twist_stdin_bridge/lib/python3.12/site-packages'
[4.423s] Level 1:colcon.colcon_core.shell:create_environment_hook('twist_stdin_bridge', 'pythonpath')
[4.424s] INFO:colcon.colcon_core.shell:Creating environment hook '/home/saito/ros2_ws/src/twist_stdin_bridge/install/twist_stdin_bridge/share/twist_stdin_bridge/hook/pythonpath.ps1'
[4.424s] INFO:colcon.colcon_core.shell:Creating environment descriptor '/home/saito/ros2_ws/src/twist_stdin_bridge/install/twist_stdin_bridge/share/twist_stdin_bridge/hook/pythonpath.dsv'
[4.425s] INFO:colcon.colcon_core.shell:Creating environment hook '/home/saito/ros2_ws/src/twist_stdin_bridge/install/twist_stdin_bridge/share/twist_stdin_bridge/hook/pythonpath.sh'
[4.426s] Level 1:colcon.colcon_core.environment:checking '/home/saito/ros2_ws/src/twist_stdin_bridge/install/twist_stdin_bridge/bin'
[4.426s] Level 1:colcon.colcon_core.environment:create_environment_scripts_only(twist_stdin_bridge)
[4.427s] INFO:colcon.colcon_core.shell:Creating package script '/home/saito/ros2_ws/src/twist_stdin_bridge/install/twist_stdin_bridge/share/twist_stdin_bridge/package.ps1'
[4.429s] INFO:colcon.colcon_core.shell:Creating package descriptor '/home/saito/ros2_ws/src/twist_stdin_bridge/install/twist_stdin_bridge/share/twist_stdin_bridge/package.dsv'
[4.431s] INFO:colcon.colcon_core.shell:Creating package script '/home/saito/ros2_ws/src/twist_stdin_bridge/install/twist_stdin_bridge/share/twist_stdin_bridge/package.sh'
[4.434s] INFO:colcon.colcon_core.shell:Creating package script '/home/saito/ros2_ws/src/twist_stdin_bridge/install/twist_stdin_bridge/share/twist_stdin_bridge/package.bash'
[4.437s] INFO:colcon.colcon_core.shell:Creating package script '/home/saito/ros2_ws/src/twist_stdin_bridge/install/twist_stdin_bridge/share/twist_stdin_bridge/package.zsh'
[4.438s] Level 1:colcon.colcon_core.environment:create_file_with_runtime_dependencies(/home/saito/ros2_ws/src/twist_stdin_bridge/install/twist_stdin_bridge/share/colcon-core/packages/twist_stdin_bridge)
[4.442s] DEBUG:colcon.colcon_parallel_executor.executor.parallel:closing loop
[4.443s] DEBUG:colcon.colcon_parallel_executor.executor.parallel:loop closed
[4.443s] DEBUG:colcon.colcon_parallel_executor.executor.parallel:run_until_complete finished with '0'
[4.443s] DEBUG:colcon.colcon_core.event_reactor:joining thread
[4.537s] INFO:colcon.colcon_core.plugin_system:Skipping extension 'colcon_notification.desktop_notification.notify_send': Could not find 'notify-send'
[4.537s] INFO:colcon.colcon_core.plugin_system:Skipping extension 'colcon_notification.desktop_notification.terminal_notifier': Not used on non-Darwin systems
[4.537s] INFO:colcon.colcon_core.plugin_system:Skipping extension 'colcon_notification.desktop_notification.win32': Not used on non-Windows systems
[4.537s] INFO:colcon.colcon_notification.desktop_notification:Sending desktop notification using 'notify2'
[4.541s] DEBUG:colcon.colcon_notification.desktop_notification.notify2:Failed to initialize notify2: org.freedesktop.DBus.Error.ServiceUnknown: The name org.freedesktop.Notifications was not provided by any .service files
[4.541s] DEBUG:colcon.colcon_core.event_reactor:joined thread
[4.542s] INFO:colcon.colcon_core.shell:Creating prefix script '/home/saito/ros2_ws/src/twist_stdin_bridge/install/local_setup.ps1'
[4.547s] INFO:colcon.colcon_core.shell:Creating prefix util module '/home/saito/ros2_ws/src/twist_stdin_bridge/install/_local_setup_util_ps1.py'
[4.550s] INFO:colcon.colcon_core.shell:Creating prefix chain script '/home/saito/ros2_ws/src/twist_stdin_bridge/install/setup.ps1'
[4.552s] INFO:colcon.colcon_core.shell:Creating prefix script '/home/saito/ros2_ws/src/twist_stdin_bridge/install/local_setup.sh'
[4.554s] INFO:colcon.colcon_core.shell:Creating prefix util module '/home/saito/ros2_ws/src/twist_stdin_bridge/install/_local_setup_util_sh.py'
[4.555s] INFO:colcon.colcon_core.shell:Creating prefix chain script '/home/saito/ros2_ws/src/twist_stdin_bridge/install/setup.sh'
[4.557s] INFO:colcon.colcon_core.shell:Creating prefix script '/home/saito/ros2_ws/src/twist_stdin_bridge/install/local_setup.bash'
[4.559s] INFO:colcon.colcon_core.shell:Creating prefix chain script '/home/saito/ros2_ws/src/twist_stdin_bridge/install/setup.bash'
[4.560s] INFO:colcon.colcon_core.shell:Creating prefix script '/home/saito/ros2_ws/src/twist_stdin_bridge/install/local_setup.zsh'
[4.562s] INFO:colcon.colcon_core.shell:Creating prefix chain script '/home/saito/ros2_ws/src/twist_stdin_bridge/install/setup.zsh'
